<?xml version="1.0" encoding="UTF-8"?>
<testsuite xmlns:xsi="http://www.w3.org/2001/XMLSchema-instance" xsi:noNamespaceSchemaLocation="https://maven.apache.org/surefire/maven-surefire-plugin/xsd/surefire-test-report-3.0.xsd" version="3.0" name="com.aggregate.aggregate.AggregateApplicationTests" time="8.109" tests="1" errors="0" skipped="0" failures="0">
  <properties>
[...]
</properties>
  <testcase name="contextLoads" classname="com.aggregate.aggregate.AggregateApplicationTests" time="1.928">
    <system-out><![CDATA[11:44:13.903 [main] INFO org.springframework.test.context.support.AnnotationConfigContextLoaderUtils -- Could not detect default configuration classes for test class [com.aggregate.aggregate.AggregateApplicationTests]: AggregateApplicationTests does not declare any static, non-private, non-final, nested classes annotated with @Configuration.
11:44:14.331 [main] INFO org.springframework.boot.test.context.SpringBootTestContextBootstrapper -- Found @SpringBootConfiguration com.aggregate.aggregate.AggregateApplication for test class com.aggregate.aggregate.AggregateApplicationTests

  .   ____          _            __ _ _
 /\\ / ___'_ __ _ _(_)_ __  __ _ \ \ \ \
( ( )\___ | '_ | '_| | '_ \/ _` | \ \ \ \
 \\/  ___)| |_)| | | | | || (_| |  ) ) ) )
  '  |____| .__|_| |_|_| |_\__, | / / / /
 =========|_|==============|___/=/_/_/_/

 :: Spring Boot ::                (v3.3.4)

2024-11-14T11:44:15.448+05:30  INFO 5528 --- [aggregate] [           main] c.a.aggregate.AggregateApplicationTests  : Starting AggregateApplicationTests using Java 20.0.1 with PID 5528 (started by Hp in c:\C88_PROJECTS\aggregate)
2024-11-14T11:44:15.448+05:30  INFO 5528 --- [aggregate] [           main] c.a.aggregate.AggregateApplicationTests  : No active profile set, falling back to 1 default profile: "default"
2024-11-14T11:44:19.437+05:30  INFO 5528 --- [aggregate] [           main] c.a.aggregate.AggregateApplicationTests  : Started AggregateApplicationTests in 4.743 seconds (process running for 7.395)
]]></system-out>
  </testcase>
</testsuite>